<?xml version="1.0" encoding="UTF-8"?>
<!-- Generated by org.testng.reporters.JUnitReportReporter -->
<testsuite hostname="Anik" failures="0" tests="1" name="PacticePack2.MultiWindowPractice" time="12.724" errors="0" timestamp="21 Jan. 2020 06:01:54 GMT" skipped="0">
  <testcase classname="PacticePack2.MultiWindowPractice" name="MultiWindow" time="12.724"/>
</testsuite> <!-- PacticePack2.MultiWindowPractice -->
