<?xml version="1.0" encoding="UTF-8"?>
<!-- Generated by org.testng.reporters.JUnitReportReporter -->
<testsuite hostname="Anik" failures="0" tests="1" name="pack1.HowToGetText" time="0.283" errors="0" timestamp="07 Oct. 2019 04:12:40 GMT" skipped="0">
  <testcase classname="pack1.HowToGetText" name="GetText" time="0.283"/>
</testsuite> <!-- pack1.HowToGetText -->
