<?xml version="1.0" encoding="UTF-8"?>
<!-- Generated by org.testng.reporters.JUnitReportReporter -->
<testsuite hostname="Anik" failures="0" tests="1" name="pack1.HowToHighlightWebElement" time="0.335" errors="0" timestamp="23 Dec. 2019 11:26:50 GMT" skipped="0">
  <testcase classname="pack1.HowToHighlightWebElement" name="HighlightWebElement" time="0.335"/>
</testsuite> <!-- pack1.HowToHighlightWebElement -->
