<?xml version="1.0" encoding="UTF-8"?>
<!-- Generated by org.testng.reporters.JUnitReportReporter -->
<testsuite hostname="Anik" failures="0" tests="1" name="practicePack.LinkCountPractice" time="0.563" errors="0" timestamp="21 Jan. 2020 04:53:31 GMT" skipped="0">
  <testcase classname="practicePack.LinkCountPractice" name="LinkCount" time="0.563"/>
</testsuite> <!-- practicePack.LinkCountPractice -->
