<?xml version="1.0" encoding="UTF-8"?>
<!-- Generated by org.testng.reporters.JUnitReportReporter -->
<testsuite hostname="Anik" failures="0" tests="4" name="multiwindow.HowtoHandleMultipleWindow" time="19.952" errors="0" timestamp="10 Jan. 2020 21:15:39 GMT" skipped="0">
  <testcase classname="multiwindow.HowtoHandleMultipleWindow" name="MainWindowTest" time="4.044"/>
  <testcase classname="multiwindow.HowtoHandleMultipleWindow" name="Page2Test" time="4.269"/>
  <testcase classname="multiwindow.HowtoHandleMultipleWindow" name="ThridWindowTest" time="8.397"/>
  <testcase classname="multiwindow.HowtoHandleMultipleWindow" name="ReturnToMainPageTest" time="3.242"/>
</testsuite> <!-- multiwindow.HowtoHandleMultipleWindow -->
