<?xml version="1.0" encoding="UTF-8"?>
<!-- Generated by org.testng.reporters.JUnitReportReporter -->
<testsuite hostname="Anik" failures="0" tests="1" name="practicePack.HowToHandleHiddenElementandHighlight" time="0.449" errors="0" timestamp="30 Dec. 2019 11:47:01 GMT" skipped="0">
  <testcase classname="practicePack.HowToHandleHiddenElementandHighlight" name="HiddenElementandHighlight" time="0.449"/>
</testsuite> <!-- practicePack.HowToHandleHiddenElementandHighlight -->
