<?xml version="1.0" encoding="UTF-8"?>
<!-- Generated by org.testng.reporters.JUnitReportReporter -->
<testsuite hostname="Anik" failures="0" tests="1" name="PacticePack2.DifferentPageSameWindow" time="7.756" errors="0" timestamp="21 Jan. 2020 05:26:31 GMT" skipped="0">
  <testcase classname="PacticePack2.DifferentPageSameWindow" name="DifferentPageEkiWindow" time="7.756"/>
</testsuite> <!-- PacticePack2.DifferentPageSameWindow -->
