<?xml version="1.0" encoding="UTF-8"?>
<!-- Generated by org.testng.reporters.JUnitReportReporter -->
<testsuite hostname="Anik" failures="0" tests="1" name="PacticePack2.GoogleSearchPractice" time="8.182" errors="0" timestamp="10 Feb. 2020 11:35:18 GMT" skipped="0">
  <testcase classname="PacticePack2.GoogleSearchPractice" name="GoogleSearchPractrice" time="8.182"/>
</testsuite> <!-- PacticePack2.GoogleSearchPractice -->
