<?xml version="1.0" encoding="UTF-8"?>
<!-- Generated by org.testng.reporters.JUnitReportReporter -->
<testsuite hostname="Anik" failures="0" tests="1" name="practicePack.Title" time="0.270" errors="0" timestamp="17 Nov. 2019 05:55:21 GMT" skipped="0">
  <testcase classname="practicePack.Title" name="TitlePractice" time="0.270"/>
</testsuite> <!-- practicePack.Title -->
