<?xml version="1.0" encoding="UTF-8"?>
<!-- Generated by org.testng.reporters.JUnitReportReporter -->
<testsuite hostname="Anik" failures="0" tests="1" name="pack1.Practice1" time="8.259" errors="0" timestamp="09 Oct. 2019 12:02:42 GMT" skipped="0">
  <testcase classname="pack1.Practice1" name="GetScreenShot" time="8.259"/>
</testsuite> <!-- pack1.Practice1 -->
