<?xml version="1.0" encoding="UTF-8"?>
<!-- Generated by org.testng.reporters.JUnitReportReporter -->
<testsuite hostname="Anik" failures="0" tests="1" name="PacticePack2.AlertHandle" time="6.836" errors="0" timestamp="08 Jan. 2020 18:15:29 GMT" skipped="0">
  <testcase classname="PacticePack2.AlertHandle" name="alertHandlePractice" time="6.836"/>
</testsuite> <!-- PacticePack2.AlertHandle -->
