<?xml version="1.0" encoding="UTF-8"?>
<!-- Generated by org.testng.reporters.JUnitReportReporter -->
<testsuite hostname="Anik" failures="0" tests="1" name="pack1.TestCase1Automation" time="5.352" errors="0" timestamp="07 Jan. 2020 19:30:16 GMT" skipped="0">
  <testcase classname="pack1.TestCase1Automation" name="TestCase1" time="5.352"/>
</testsuite> <!-- pack1.TestCase1Automation -->
