<?xml version="1.0" encoding="UTF-8"?>
<!-- Generated by org.testng.reporters.JUnitReportReporter -->
<testsuite hostname="Anik" failures="0" tests="1" name="Pack2.GoogleSearch" time="1.658" errors="0" timestamp="10 Feb. 2020 11:46:58 GMT" skipped="0">
  <testcase classname="Pack2.GoogleSearch" name="GoogleSearchTest" time="1.658"/>
</testsuite> <!-- Pack2.GoogleSearch -->
