<?xml version="1.0" encoding="UTF-8"?>
<!-- Generated by org.testng.reporters.JUnitReportReporter -->
<testsuite hostname="Anik" failures="0" tests="8" name="dataDriven.DataDrivenFrameWork" time="14.781" errors="0" timestamp="04 Nov. 2019 14:30:56 GMT" skipped="0">
  <testcase classname="dataDriven.DataDrivenFrameWork" name="OurWebSite" time="1.647"/>
  <testcase classname="dataDriven.DataDrivenFrameWork" name="OurWebSite" time="2.180"/>
  <testcase classname="dataDriven.DataDrivenFrameWork" name="OurWebSite" time="1.980"/>
  <testcase classname="dataDriven.DataDrivenFrameWork" name="OurWebSite" time="1.818"/>
  <testcase classname="dataDriven.DataDrivenFrameWork" name="OurWebSite" time="1.614"/>
  <testcase classname="dataDriven.DataDrivenFrameWork" name="OurWebSite" time="2.144"/>
  <testcase classname="dataDriven.DataDrivenFrameWork" name="OurWebSite" time="1.732"/>
  <testcase classname="dataDriven.DataDrivenFrameWork" name="OurWebSite" time="1.666"/>
</testsuite> <!-- dataDriven.DataDrivenFrameWork -->
