<?xml version="1.0" encoding="UTF-8"?>
<!-- Generated by org.testng.reporters.JUnitReportReporter -->
<testsuite hostname="Anik" failures="0" tests="1" name="dataDriven.OurWebSiteTestBySingleData" time="1.401" errors="0" timestamp="12 Feb. 2020 02:15:41 GMT" skipped="0">
  <testcase classname="dataDriven.OurWebSiteTestBySingleData" name="OurWebSite" time="1.401"/>
</testsuite> <!-- dataDriven.OurWebSiteTestBySingleData -->
