<?xml version="1.0" encoding="UTF-8"?>
<!-- Generated by org.testng.reporters.JUnitReportReporter -->
<testsuite hostname="Anik" failures="0" tests="1" name="Pack2.HowToHandleHiddenElement" time="2.764" errors="0" timestamp="22 Jan. 2020 17:56:23 GMT" skipped="0">
  <testcase classname="Pack2.HowToHandleHiddenElement" name="HiddenElementHandling" time="2.764"/>
</testsuite> <!-- Pack2.HowToHandleHiddenElement -->
