<?xml version="1.0" encoding="UTF-8"?>
<!-- Generated by org.testng.reporters.JUnitReportReporter -->
<testsuite hostname="Anik" failures="0" tests="1" name="pack1.HowToPerformRightClick" time="1.636" errors="0" timestamp="16 Oct. 2019 13:10:08 GMT" skipped="0">
  <testcase classname="pack1.HowToPerformRightClick" name="PerformRightClick" time="1.636"/>
</testsuite> <!-- pack1.HowToPerformRightClick -->
