<?xml version="1.0" encoding="UTF-8"?>
<!-- Generated by org.testng.reporters.JUnitReportReporter -->
<testsuite hostname="Anik" failures="0" tests="1" name="pack1.HowToHandleIframe" time="4.266" errors="0" timestamp="21 Dec. 2019 05:28:35 GMT" skipped="0">
  <testcase classname="pack1.HowToHandleIframe" name="IFrameHandling" time="4.266"/>
</testsuite> <!-- pack1.HowToHandleIframe -->
