<?xml version="1.0" encoding="UTF-8"?>
<!-- Generated by org.testng.reporters.JUnitReportReporter -->
<testsuite hostname="Anik" failures="0" tests="1" name="practicePack.GetTextPractice" time="0.362" errors="0" timestamp="17 Nov. 2019 05:24:48 GMT" skipped="0">
  <testcase classname="practicePack.GetTextPractice" name="GetTextPractice" time="0.362"/>
</testsuite> <!-- practicePack.GetTextPractice -->
