<?xml version="1.0" encoding="UTF-8"?>
<!-- Generated by org.testng.reporters.JUnitReportReporter -->
<testsuite hostname="Anik" failures="0" tests="1" name="practicePack.PractivcoFHowToCountLink" time="0.457" errors="0" timestamp="14 Oct. 2019 12:40:09 GMT" skipped="0">
  <testcase classname="practicePack.PractivcoFHowToCountLink" name="PracticeOfHowToCountLink" time="0.457"/>
</testsuite> <!-- practicePack.PractivcoFHowToCountLink -->
