<?xml version="1.0" encoding="UTF-8"?>
<!-- Generated by org.testng.reporters.JUnitReportReporter -->
<testsuite hostname="Anik" failures="0" tests="1" name="practicePack.IFrameHandlePractice" time="7.484" errors="0" timestamp="21 Dec. 2019 05:48:56 GMT" skipped="0">
  <testcase classname="practicePack.IFrameHandlePractice" name="IFrameHandling" time="7.484"/>
</testsuite> <!-- practicePack.IFrameHandlePractice -->
