<?xml version="1.0" encoding="UTF-8"?>
<!-- Generated by org.testng.reporters.JUnitReportReporter -->
<testsuite hostname="Anik" failures="0" tests="1" name="WebTableHandling.WebtablePractice" time="3.614" errors="0" timestamp="20 Jan. 2020 12:15:20 GMT" skipped="0">
  <testcase classname="WebTableHandling.WebtablePractice" name="WebTable" time="3.614"/>
</testsuite> <!-- WebTableHandling.WebtablePractice -->
