<?xml version="1.0" encoding="UTF-8"?>
<!-- Generated by org.testng.reporters.JUnitReportReporter -->
<testsuite hostname="Anik" failures="0" tests="1" name="PacticePack2.WindowScrollUpDown" time="6.278" errors="0" timestamp="27 Jan. 2020 04:33:40 GMT" skipped="0">
  <testcase classname="PacticePack2.WindowScrollUpDown" name="WindowUpandDown" time="6.278"/>
</testsuite> <!-- PacticePack2.WindowScrollUpDown -->
