<?xml version="1.0" encoding="UTF-8"?>
<!-- Generated by org.testng.reporters.JUnitReportReporter -->
<testsuite hostname="Anik" failures="0" tests="1" name="practicePack.LetsTry" time="3.494" errors="0" timestamp="27 Dec. 2019 22:36:33 GMT" skipped="0">
  <testcase classname="practicePack.LetsTry" name="OpenFacebook" time="3.494"/>
</testsuite> <!-- practicePack.LetsTry -->
