<?xml version="1.0" encoding="UTF-8"?>
<!-- Generated by org.testng.reporters.JUnitReportReporter -->
<testsuite hostname="Anik" failures="0" tests="2" name="pack1.HowToGetTitleAndUrl" time="0.059" errors="0" timestamp="02 Oct. 2019 13:06:40 GMT" skipped="0">
  <testcase classname="pack1.HowToGetTitleAndUrl" name="getCurrentUrl" time="0.029"/>
  <testcase classname="pack1.HowToGetTitleAndUrl" name="getTitle" time="0.030"/>
</testsuite> <!-- pack1.HowToGetTitleAndUrl -->
