<?xml version="1.0" encoding="UTF-8"?>
<!-- Generated by org.testng.reporters.JUnitReportReporter -->
<testsuite hostname="Anik" failures="0" tests="1" name="practicePack.HighlightWebElement" time="0.330" errors="0" timestamp="23 Dec. 2019 11:23:30 GMT" skipped="0">
  <testcase classname="practicePack.HighlightWebElement" name="HighlightWebElementTest" time="0.330"/>
</testsuite> <!-- practicePack.HighlightWebElement -->
