<?xml version="1.0" encoding="UTF-8"?>
<!-- Generated by org.testng.reporters.JUnitReportReporter -->
<testsuite hostname="Anik" failures="0" tests="3" name="pack1.HowToGetTitleAndUrlAndPageSource" time="2.665" errors="0" timestamp="17 Nov. 2019 05:29:55 GMT" skipped="0">
  <testcase classname="pack1.HowToGetTitleAndUrlAndPageSource" name="getTitle" time="0.414"/>
  <testcase classname="pack1.HowToGetTitleAndUrlAndPageSource" name="getPageSource" time="1.950"/>
  <testcase classname="pack1.HowToGetTitleAndUrlAndPageSource" name="getCurrentUrl" time="0.301"/>
</testsuite> <!-- pack1.HowToGetTitleAndUrlAndPageSource -->
