<?xml version="1.0" encoding="UTF-8"?>
<!-- Generated by org.testng.reporters.JUnitReportReporter -->
<testsuite hostname="Anik" failures="0" tests="1" name="PacticePack2.HiddenElementPractice" time="1.335" errors="0" timestamp="22 Jan. 2020 18:56:14 GMT" skipped="0">
  <testcase classname="PacticePack2.HiddenElementPractice" name="HiddenElementandScreenShot" time="1.335"/>
</testsuite> <!-- PacticePack2.HiddenElementPractice -->
