<?xml version="1.0" encoding="UTF-8"?>
<!-- Generated by org.testng.reporters.JUnitReportReporter -->
<testsuite hostname="Anik" failures="0" tests="1" name="WebTableHandling.HowToRetrieveTableData" time="2.012" errors="0" timestamp="20 Jan. 2020 05:37:22 GMT" skipped="0">
  <testcase classname="WebTableHandling.HowToRetrieveTableData" name="WebDataHandling" time="2.012"/>
</testsuite> <!-- WebTableHandling.HowToRetrieveTableData -->
