<?xml version="1.0" encoding="UTF-8"?>
<!-- Generated by org.testng.reporters.JUnitReportReporter -->
<testsuite hostname="Anik" failures="0" tests="1" name="Pack2.TitleVerificationTestCasePractice" time="2.668" errors="0" timestamp="07 Feb. 2020 04:04:18 GMT" skipped="0">
  <testcase classname="Pack2.TitleVerificationTestCasePractice" name="TitleVerification" time="2.668"/>
</testsuite> <!-- Pack2.TitleVerificationTestCasePractice -->
