<?xml version="1.0" encoding="UTF-8"?>
<!-- Generated by org.testng.reporters.JUnitReportReporter -->
<testsuite hostname="Anik" failures="0" tests="1" name="PacticePack2.DoubelClickPractice" time="3.749" errors="0" timestamp="27 Jan. 2020 04:05:34 GMT" skipped="0">
  <testcase classname="PacticePack2.DoubelClickPractice" name="DoubleClick" time="3.749"/>
</testsuite> <!-- PacticePack2.DoubelClickPractice -->
