<?xml version="1.0" encoding="UTF-8"?>
<!-- Generated by org.testng.reporters.JUnitReportReporter -->
<testsuite hostname="Anik" failures="0" tests="1" name="practicePack.DoubleClickandRightClickPractice" time="3.859" errors="0" timestamp="23 Dec. 2019 11:20:54 GMT" skipped="0">
  <testcase classname="practicePack.DoubleClickandRightClickPractice" name="DoubleLClickandRightClickPractice" time="3.859"/>
</testsuite> <!-- practicePack.DoubleClickandRightClickPractice -->
