<?xml version="1.0" encoding="UTF-8"?>
<!-- Generated by org.testng.reporters.JUnitReportReporter -->
<testsuite hostname="Anik" failures="0" tests="1" name="practicePack.SubMenuHandlePractice" time="9.691" errors="0" timestamp="23 Dec. 2019 11:36:09 GMT" skipped="0">
  <testcase classname="practicePack.SubMenuHandlePractice" name="SubMenuHandlePracticeTest" time="9.691"/>
</testsuite> <!-- practicePack.SubMenuHandlePractice -->
