<?xml version="1.0" encoding="UTF-8"?>
<!-- Generated by org.testng.reporters.JUnitReportReporter -->
<testsuite hostname="Anik" failures="0" tests="1" name="practicePack.XpathPractice" time="3.102" errors="0" timestamp="29 Dec. 2019 20:20:16 GMT" skipped="0">
  <testcase classname="practicePack.XpathPractice" name="VariousTypesofXpath" time="3.102"/>
</testsuite> <!-- practicePack.XpathPractice -->
