<?xml version="1.0" encoding="UTF-8"?>
<!-- Generated by org.testng.reporters.JUnitReportReporter -->
<testsuite hostname="Anik" failures="0" tests="1" name="Pack2.HowToCountDropDownList" time="0.763" errors="0" timestamp="07 Feb. 2020 04:41:22 GMT" skipped="0">
  <testcase classname="Pack2.HowToCountDropDownList" name="CountingDropDownList" time="0.763"/>
</testsuite> <!-- Pack2.HowToCountDropDownList -->
