<?xml version="1.0" encoding="UTF-8"?>
<!-- Generated by org.testng.reporters.JUnitReportReporter -->
<testsuite hostname="Anik" failures="0" tests="1" name="PacticePack2.Random" time="1.073" errors="0" timestamp="24 Jan. 2020 05:34:10 GMT" skipped="0">
  <testcase classname="PacticePack2.Random" name="HiddenElement" time="1.073"/>
</testsuite> <!-- PacticePack2.Random -->
