<?xml version="1.0" encoding="UTF-8"?>
<!-- Generated by org.testng.reporters.JUnitReportReporter -->
<testsuite hostname="Anik" failures="0" tests="1" name="Pack2.HowToFindPoint" time="1.155" errors="0" timestamp="16 Dec. 2019 12:20:59 GMT" skipped="0">
  <testcase classname="Pack2.HowToFindPoint" name="FindingPOint" time="1.155"/>
</testsuite> <!-- Pack2.HowToFindPoint -->
