<?xml version="1.0" encoding="UTF-8"?>
<!-- Generated by org.testng.reporters.JUnitReportReporter -->
<testsuite hostname="Anik" failures="0" tests="1" name="PacticePack2.RightClickandOthers" time="0.685" errors="0" timestamp="27 Jan. 2020 04:16:10 GMT" skipped="0">
  <testcase classname="PacticePack2.RightClickandOthers" name="RightClickPractice" time="0.685"/>
</testsuite> <!-- PacticePack2.RightClickandOthers -->
