<?xml version="1.0" encoding="UTF-8"?>
<!-- Generated by org.testng.reporters.JUnitReportReporter -->
<testsuite hostname="Anik" failures="0" tests="1" name="practicePack.SubmenuHandling" time="24.537" errors="0" timestamp="16 Oct. 2019 12:30:33 GMT" skipped="0">
  <testcase classname="practicePack.SubmenuHandling" name="Submenu" time="24.537"/>
</testsuite> <!-- practicePack.SubmenuHandling -->
