<?xml version="1.0" encoding="UTF-8"?>
<!-- Generated by org.testng.reporters.JUnitReportReporter -->
<testsuite hostname="Anik" failures="0" tests="1" name="practicePack.AlertHandlingPractice" time="9.024" errors="0" timestamp="11 Nov. 2019 02:47:11 GMT" skipped="0">
  <testcase classname="practicePack.AlertHandlingPractice" name="AlertHadlePractice" time="9.024"/>
</testsuite> <!-- practicePack.AlertHandlingPractice -->
