<?xml version="1.0" encoding="UTF-8"?>
<!-- Generated by org.testng.reporters.JUnitReportReporter -->
<testsuite hostname="Anik" failures="0" tests="1" name="pack1.HowToPerformDoubleClickandRightClick" time="3.130" errors="0" timestamp="27 Jan. 2020 03:46:24 GMT" skipped="0">
  <testcase classname="pack1.HowToPerformDoubleClickandRightClick" name="DoubleClick" time="3.130"/>
</testsuite> <!-- pack1.HowToPerformDoubleClickandRightClick -->
