<?xml version="1.0" encoding="UTF-8"?>
<!-- Generated by org.testng.reporters.JUnitReportReporter -->
<testsuite hostname="Anik" failures="0" tests="1" name="pack1.HowToAlertHandle" time="5.736" errors="0" timestamp="08 Jan. 2020 04:54:21 GMT" skipped="0">
  <testcase classname="pack1.HowToAlertHandle" name="alerthandling" time="5.736"/>
</testsuite> <!-- pack1.HowToAlertHandle -->
