<?xml version="1.0" encoding="UTF-8"?>
<!-- Generated by org.testng.reporters.JUnitReportReporter -->
<testsuite hostname="Anik" failures="0" tests="1" name="pack1.HowToScrollUpandDown" time="9.004" errors="0" timestamp="16 Oct. 2019 11:38:28 GMT" skipped="0">
  <testcase classname="pack1.HowToScrollUpandDown" name="ScrollUpandDown" time="9.004"/>
</testsuite> <!-- pack1.HowToScrollUpandDown -->
