<?xml version="1.0" encoding="UTF-8"?>
<!-- Generated by org.testng.reporters.JUnitReportReporter -->
<testsuite hostname="Anik" failures="0" tests="1" name="pack1.HowToGetScreenShot" time="4.482" errors="0" timestamp="09 Oct. 2019 11:58:28 GMT" skipped="0">
  <testcase classname="pack1.HowToGetScreenShot" name="GetScreenShot" time="4.482"/>
</testsuite> <!-- pack1.HowToGetScreenShot -->
