<?xml version="1.0" encoding="UTF-8"?>
<!-- Generated by org.testng.reporters.JUnitReportReporter -->
<testsuite hostname="Anik" failures="0" tests="1" name="practicePack.AlerHandling" time="7.168" errors="0" timestamp="16 Oct. 2019 02:26:07 GMT" skipped="0">
  <testcase classname="practicePack.AlerHandling" name="AlertHandling" time="7.168"/>
</testsuite> <!-- practicePack.AlerHandling -->
