<?xml version="1.0" encoding="UTF-8"?>
<!-- Generated by org.testng.reporters.JUnitReportReporter -->
<testsuite hostname="Anik" failures="0" tests="1" name="Pack2.HowToUseDifferentTypeXpath" time="0.897" errors="0" timestamp="28 Dec. 2019 05:31:17 GMT" skipped="0">
  <testcase classname="Pack2.HowToUseDifferentTypeXpath" name="UsingXpath" time="0.897"/>
</testsuite> <!-- Pack2.HowToUseDifferentTypeXpath -->
