<?xml version="1.0" encoding="UTF-8"?>
<!-- Generated by org.testng.reporters.JUnitReportReporter -->
<testsuite hostname="Anik" failures="0" tests="1" name="PacticePack2.ScreenshotPractice" time="2.767" errors="0" timestamp="21 Jan. 2020 18:31:44 GMT" skipped="0">
  <testcase classname="PacticePack2.ScreenshotPractice" name="Screenshot" time="2.767"/>
</testsuite> <!-- PacticePack2.ScreenshotPractice -->
