<?xml version="1.0" encoding="UTF-8"?>
<!-- Generated by org.testng.reporters.JUnitReportReporter -->
<testsuite hostname="Anik" failures="0" tests="1" name="practicePack.ScreenShotPractice" time="10.366" errors="0" timestamp="09 Dec. 2019 21:23:48 GMT" skipped="0">
  <testcase classname="practicePack.ScreenShotPractice" name="ScreenShot" time="10.366"/>
</testsuite> <!-- practicePack.ScreenShotPractice -->
