<?xml version="1.0" encoding="UTF-8"?>
<!-- Generated by org.testng.reporters.JUnitReportReporter -->
<testsuite hostname="Anik" failures="0" tests="1" name="pack1.HowToHandleMultipleWindow" time="6.007" errors="0" timestamp="10 Jan. 2020 20:20:50 GMT" skipped="0">
  <testcase classname="pack1.HowToHandleMultipleWindow" name="WindowHandle" time="6.007"/>
</testsuite> <!-- pack1.HowToHandleMultipleWindow -->
