<?xml version="1.0" encoding="UTF-8"?>
<!-- Generated by org.testng.reporters.JUnitReportReporter -->
<testsuite hostname="Anik" failures="0" tests="1" name="PacticePack2.MultipleWindowPractice" time="15.624" errors="0" timestamp="21 Jan. 2020 18:15:15 GMT" skipped="0">
  <testcase classname="PacticePack2.MultipleWindowPractice" name="MultipleWindow" time="15.624"/>
</testsuite> <!-- PacticePack2.MultipleWindowPractice -->
