<?xml version="1.0" encoding="UTF-8"?>
<!-- Generated by org.testng.reporters.JUnitReportReporter -->
<testsuite hostname="Anik" failures="0" tests="1" name="practicePack.SingleDataPractice" time="2.237" errors="0" timestamp="14 Oct. 2019 11:30:03 GMT" skipped="0">
  <testcase classname="practicePack.SingleDataPractice" name="OurWebSite" time="2.237"/>
</testsuite> <!-- practicePack.SingleDataPractice -->
