<?xml version="1.0" encoding="UTF-8"?>
<!-- Generated by org.testng.reporters.JUnitReportReporter -->
<testsuite hostname="Anik" failures="0" tests="1" name="practicePack.WindowHAndle" time="9.903" errors="0" timestamp="10 Jan. 2020 21:10:54 GMT" skipped="0">
  <testcase classname="practicePack.WindowHAndle" name="WindowHandle" time="9.903"/>
</testsuite> <!-- practicePack.WindowHAndle -->
